<?xml version="1.0" encoding="UTF-8"?>
<testsuite name="Test"
           tests="2"
           failures="0"
           errors="0"
           skipped="2"
           time="0.000">
  <properties />
  
            <testcase name="setUp" time="0.0" classname="com.amazom.qa.testcases.TodaysDealPageAmazonTest">
          <skipped />
    </testcase>
            <testcase name="validateTodaysDealLabelTest" time="0.0" classname="com.amazom.qa.testcases.TodaysDealPageAmazonTest">
          <skipped />
    </testcase>
  
  
</testsuite>
