<?xml version="1.0" encoding="UTF-8"?>
<!-- Generated by org.testng.reporters.JUnitXMLReporter -->
<testsuite hostname="DESKTOP-UKODEMR" ignored="0" name="Amazon Application Automation Test Cases1" tests="3" failures="0" timestamp="04 Oct 2018 13:04:31 GMT" time="54.16" errors="0">
  <testcase name="validateTitleOfThePageTest" time="4.05" classname="com.amazom.qa.testcases.LoginPageAmazonTest"/>
  <testcase name="verifyLocationLogoTest" time="4.346" classname="com.amazom.qa.testcases.LoginPageAmazonTest"/>
  <testcase name="login" time="12.337" classname="com.amazom.qa.testcases.LoginPageAmazonTest"/>
</testsuite> <!-- Amazon Application Automation Test Cases1 -->
