<?xml version="1.0" encoding="UTF-8"?>
<!-- Generated by org.testng.reporters.JUnitXMLReporter -->
<testsuite hostname="DESKTOP-UKODEMR" ignored="0" name="Amazon Application Automation Test Cases2" tests="3" failures="0" timestamp="04 Oct 2018 13:05:48 GMT" time="76.522" errors="0">
  <testcase name="validateUsernameLabel" time="1.906" classname="com.amazom.qa.testcases.HomePageAmazonTest"/>
  <testcase name="validateGreetLabelTest" time="0.096" classname="com.amazom.qa.testcases.HomePageAmazonTest"/>
  <testcase name="validateYourOrderTest" time="5.039" classname="com.amazom.qa.testcases.HomePageAmazonTest"/>
</testsuite> <!-- Amazon Application Automation Test Cases2 -->
